{
  "stats": {
    "suites": 1,
    "tests": 1,
    "passes": 1,
    "pending": 0,
    "failures": 0,
    "start": "2026-04-26T03:51:56.904Z",
    "end": "2026-04-26T03:51:58.058Z",
    "duration": 1154,
    "testsRegistered": 1,
    "passPercent": 100,
    "pendingPercent": 0,
    "other": 0,
    "hasOther": false,
    "skipped": 0,
    "hasSkipped": false
  },
  "results": [
    {
      "uuid": "a2eacc88-c36e-4732-aec3-806c17445c34",
      "title": "",
      "fullFile": "cypress\\e2e\\_login\\ct04_campos_vazios.cy.js",
      "file": "cypress\\e2e\\_login\\ct04_campos_vazios.cy.js",
      "beforeHooks": [],
      "afterHooks": [],
      "tests": [],
      "suites": [
        {
          "uuid": "685120e3-6398-407b-8260-fad5cba16046",
          "title": "Página de login Saucedemo",
          "fullFile": "",
          "file": "",
          "beforeHooks": [],
          "afterHooks": [],
          "tests": [
            {
              "title": "Campos vazios - não deve entrar no sistema e aparecer balão de dicas",
              "fullTitle": "Página de login Saucedemo Campos vazios - não deve entrar no sistema e aparecer balão de dicas",
              "timedOut": null,
              "duration": 1018,
              "state": "passed",
              "speed": "fast",
              "pass": true,
              "fail": false,
              "pending": false,
              "context": null,
              "code": "cy.get('[data-test=\"username\"]').should('be.empty'); //garantindo os campos em vazios.  \ncy.get('[data-test=\"password\"]').should('be.empty');\ncy.get('[data-test=\"login-button\"]').click();\ncy.get('[data-test=\"error\"]') // Encontrando mensagem de erro de campos não preenchidos.\n.should('be.visible').and('contain', 'Epic sadface: Username is required');",
              "err": {},
              "uuid": "f4c46249-44c6-4be3-9f5c-ba1c6c040a68",
              "parentUUID": "685120e3-6398-407b-8260-fad5cba16046",
              "isHook": false,
              "skipped": false
            }
          ],
          "suites": [],
          "passes": [
            "f4c46249-44c6-4be3-9f5c-ba1c6c040a68"
          ],
          "failures": [],
          "pending": [],
          "skipped": [],
          "duration": 1018,
          "root": false,
          "rootEmpty": false,
          "_timeout": 2000
        }
      ],
      "passes": [],
      "failures": [],
      "pending": [],
      "skipped": [],
      "duration": 0,
      "root": true,
      "rootEmpty": true,
      "_timeout": 2000
    }
  ],
  "meta": {
    "mocha": {
      "version": "7.2.0"
    },
    "mochawesome": {
      "options": {
        "quiet": false,
        "reportFilename": "mochawesome",
        "saveHtml": true,
        "saveJson": true,
        "consoleReporter": "spec",
        "useInlineDiffs": false,
        "code": true
      },
      "version": "7.1.4"
    },
    "marge": {
      "options": {
        "reportDir": "cypress/results",
        "overwrite": false,
        "html": true,
        "json": true,
        "timestamp": "mmddyyyy_HHMMss"
      },
      "version": "6.3.2"
    }
  }
}