{
  "stats": {
    "suites": 1,
    "tests": 1,
    "passes": 0,
    "pending": 0,
    "failures": 1,
    "start": "2026-04-26T01:55:52.782Z",
    "end": "2026-04-26T01:55:58.674Z",
    "duration": 5892,
    "testsRegistered": 1,
    "passPercent": 0,
    "pendingPercent": 0,
    "other": 0,
    "hasOther": false,
    "skipped": 0,
    "hasSkipped": false
  },
  "results": [
    {
      "uuid": "b8607ab1-7937-49c1-b775-34313885740f",
      "title": "",
      "fullFile": "cypress\\e2e\\_cenario_login\\ct05_nao_cadastrado.cy.js",
      "file": "cypress\\e2e\\_cenario_login\\ct05_nao_cadastrado.cy.js",
      "beforeHooks": [],
      "afterHooks": [],
      "tests": [],
      "suites": [
        {
          "uuid": "d4ba112f-e30a-4ecf-bb40-f5b816abb3c9",
          "title": "Página de login Saucedemo",
          "fullFile": "",
          "file": "",
          "beforeHooks": [],
          "afterHooks": [],
          "tests": [
            {
              "title": "Usuário Fake - sem cadastrado no sistema",
              "fullTitle": "Página de login Saucedemo Usuário Fake - sem cadastrado no sistema",
              "timedOut": null,
              "duration": 5783,
              "state": "failed",
              "speed": null,
              "pass": false,
              "fail": true,
              "pending": false,
              "context": null,
              "code": "cy.get('[data-test=\"username\"]').type(\"paulo\");\ncy.get('[data-test=\"password\"]').type(\"1234\");\ncy.get('[data-test=\"login-button\"]').click();\n// capturando o elemento, verificando se tem a mensagem e se é vísivel.\ncy.contains('[data-test=\"error\"]', \"Usuário não existe, insira um válido\").should('be.visible');",
              "err": {
                "message": "AssertionError: Timed out retrying after 4000ms: Expected to find content: 'Usuário não existe, insira um válido' within the selector: '[data-test=\"error\"]' but never did.",
                "estack": "AssertionError: Timed out retrying after 4000ms: Expected to find content: 'Usuário não existe, insira um válido' within the selector: '[data-test=\"error\"]' but never did.\n    at Context.eval (webpack://qa_interface_e2e/./cypress/e2e/_cenario_login/ct05_nao_cadastrado.cy.js:15:7)",
                "diff": null
              },
              "uuid": "adc7a0c6-4770-42d2-9f73-d121f1ee220b",
              "parentUUID": "d4ba112f-e30a-4ecf-bb40-f5b816abb3c9",
              "isHook": false,
              "skipped": false
            }
          ],
          "suites": [],
          "passes": [],
          "failures": [
            "adc7a0c6-4770-42d2-9f73-d121f1ee220b"
          ],
          "pending": [],
          "skipped": [],
          "duration": 5783,
          "root": false,
          "rootEmpty": false,
          "_timeout": 2000
        }
      ],
      "passes": [],
      "failures": [],
      "pending": [],
      "skipped": [],
      "duration": 0,
      "root": true,
      "rootEmpty": true,
      "_timeout": 2000
    }
  ],
  "meta": {
    "mocha": {
      "version": "7.2.0"
    },
    "mochawesome": {
      "options": {
        "quiet": false,
        "reportFilename": "mochawesome",
        "saveHtml": true,
        "saveJson": true,
        "consoleReporter": "spec",
        "useInlineDiffs": false,
        "code": true
      },
      "version": "7.1.4"
    },
    "marge": {
      "options": {
        "reportDir": "cypress/results",
        "overwrite": false,
        "html": true,
        "json": true,
        "timestamp": "mmddyyyy_HHMMss"
      },
      "version": "6.3.2"
    }
  }
}