{
  "stats": {
    "suites": 1,
    "tests": 1,
    "passes": 0,
    "pending": 0,
    "failures": 1,
    "start": "2026-04-26T01:33:25.270Z",
    "end": "2026-04-26T01:33:30.812Z",
    "duration": 5542,
    "testsRegistered": 1,
    "passPercent": 0,
    "pendingPercent": 0,
    "other": 0,
    "hasOther": false,
    "skipped": 0,
    "hasSkipped": false
  },
  "results": [
    {
      "uuid": "6c968a26-40e9-4da8-9164-4df3b5d926da",
      "title": "",
      "fullFile": "cypress\\e2e\\01_cenario_login\\ct04.cy.js",
      "file": "cypress\\e2e\\01_cenario_login\\ct04.cy.js",
      "beforeHooks": [],
      "afterHooks": [],
      "tests": [],
      "suites": [
        {
          "uuid": "7e8c7a8e-e1fb-45e9-abab-b05054dc32e0",
          "title": "Página de login Saucedemo",
          "fullFile": "",
          "file": "",
          "beforeHooks": [],
          "afterHooks": [],
          "tests": [
            {
              "title": "Campos vazios - não deve entrar no sistema e aparecer balão de dicas",
              "fullTitle": "Página de login Saucedemo Campos vazios - não deve entrar no sistema e aparecer balão de dicas",
              "timedOut": null,
              "duration": 5472,
              "state": "failed",
              "speed": null,
              "pass": false,
              "fail": true,
              "pending": false,
              "context": null,
              "code": "cy.get('[data-test=\"login-button\"]').click();\ncy.contains('[data-test=\"error\"]', \"Informe login e senha\") // capturando o elemento, verificando se tem a mensagem e se é vísivel.\n.should('be.visible');",
              "err": {
                "message": "AssertionError: Timed out retrying after 4000ms: Expected to find content: 'Informe login e senha' within the selector: '[data-test=\"error\"]' but never did.",
                "estack": "AssertionError: Timed out retrying after 4000ms: Expected to find content: 'Informe login e senha' within the selector: '[data-test=\"error\"]' but never did.\n    at Context.eval (webpack://qa_interface_e2e/./cypress/e2e/01_cenario_login/ct04.cy.js:10:7)",
                "diff": null
              },
              "uuid": "d36697f7-0c9d-4441-b955-3b69a2d40a58",
              "parentUUID": "7e8c7a8e-e1fb-45e9-abab-b05054dc32e0",
              "isHook": false,
              "skipped": false
            }
          ],
          "suites": [],
          "passes": [],
          "failures": [
            "d36697f7-0c9d-4441-b955-3b69a2d40a58"
          ],
          "pending": [],
          "skipped": [],
          "duration": 5472,
          "root": false,
          "rootEmpty": false,
          "_timeout": 2000
        }
      ],
      "passes": [],
      "failures": [],
      "pending": [],
      "skipped": [],
      "duration": 0,
      "root": true,
      "rootEmpty": true,
      "_timeout": 2000
    }
  ],
  "meta": {
    "mocha": {
      "version": "7.2.0"
    },
    "mochawesome": {
      "options": {
        "quiet": false,
        "reportFilename": "mochawesome",
        "saveHtml": true,
        "saveJson": true,
        "consoleReporter": "spec",
        "useInlineDiffs": false,
        "code": true
      },
      "version": "7.1.4"
    },
    "marge": {
      "options": {
        "reportDir": "cypress/results",
        "overwrite": false,
        "html": true,
        "json": true,
        "timestamp": "mmddyyyy_HHMMss"
      },
      "version": "6.3.2"
    }
  }
}