{
  "stats": {
    "suites": 1,
    "tests": 1,
    "passes": 1,
    "pending": 0,
    "failures": 0,
    "start": "2026-04-26T01:55:37.084Z",
    "end": "2026-04-26T01:55:38.956Z",
    "duration": 1872,
    "testsRegistered": 1,
    "passPercent": 100,
    "pendingPercent": 0,
    "other": 0,
    "hasOther": false,
    "skipped": 0,
    "hasSkipped": false
  },
  "results": [
    {
      "uuid": "c8018c1f-9bd2-46d6-8195-4b44cadba3e6",
      "title": "",
      "fullFile": "cypress\\e2e\\_cenario_login\\ct03_senha_invalida.cy.js",
      "file": "cypress\\e2e\\_cenario_login\\ct03_senha_invalida.cy.js",
      "beforeHooks": [],
      "afterHooks": [],
      "tests": [],
      "suites": [
        {
          "uuid": "abef2722-f211-4568-892f-cdd665d76c59",
          "title": "Página de login Saucedemo",
          "fullFile": "",
          "file": "",
          "beforeHooks": [],
          "afterHooks": [],
          "tests": [
            {
              "title": "senha inválida - não deve entrar no sistema",
              "fullTitle": "Página de login Saucedemo senha inválida - não deve entrar no sistema",
              "timedOut": null,
              "duration": 1702,
              "state": "passed",
              "speed": "fast",
              "pass": true,
              "fail": false,
              "pending": false,
              "context": null,
              "code": "cy.get('[data-test=\"username\"]').type(\"locked_out_user\");\ncy.get('[data-test=\"password\"]').type(\"error\");\ncy.get('[data-test=\"login-button\"]').click();",
              "err": {},
              "uuid": "84456572-1075-422c-a04b-200f5a546b5b",
              "parentUUID": "abef2722-f211-4568-892f-cdd665d76c59",
              "isHook": false,
              "skipped": false
            }
          ],
          "suites": [],
          "passes": [
            "84456572-1075-422c-a04b-200f5a546b5b"
          ],
          "failures": [],
          "pending": [],
          "skipped": [],
          "duration": 1702,
          "root": false,
          "rootEmpty": false,
          "_timeout": 2000
        }
      ],
      "passes": [],
      "failures": [],
      "pending": [],
      "skipped": [],
      "duration": 0,
      "root": true,
      "rootEmpty": true,
      "_timeout": 2000
    }
  ],
  "meta": {
    "mocha": {
      "version": "7.2.0"
    },
    "mochawesome": {
      "options": {
        "quiet": false,
        "reportFilename": "mochawesome",
        "saveHtml": true,
        "saveJson": true,
        "consoleReporter": "spec",
        "useInlineDiffs": false,
        "code": true
      },
      "version": "7.1.4"
    },
    "marge": {
      "options": {
        "reportDir": "cypress/results",
        "overwrite": false,
        "html": true,
        "json": true,
        "timestamp": "mmddyyyy_HHMMss"
      },
      "version": "6.3.2"
    }
  }
}