{
  "stats": {
    "suites": 1,
    "tests": 1,
    "passes": 1,
    "pending": 0,
    "failures": 0,
    "start": "2026-04-26T01:33:43.527Z",
    "end": "2026-04-26T01:33:50.611Z",
    "duration": 7084,
    "testsRegistered": 1,
    "passPercent": 100,
    "pendingPercent": 0,
    "other": 0,
    "hasOther": false,
    "skipped": 0,
    "hasSkipped": false
  },
  "results": [
    {
      "uuid": "9ba296d9-0ba2-4dc9-986a-659d33149a19",
      "title": "",
      "fullFile": "cypress\\e2e\\01_cenario_login\\ct06.cy.js",
      "file": "cypress\\e2e\\01_cenario_login\\ct06.cy.js",
      "beforeHooks": [],
      "afterHooks": [],
      "tests": [],
      "suites": [
        {
          "uuid": "3c4d06a0-526f-4490-a2c5-d882a2109a5d",
          "title": "Página de login Saucedemo",
          "fullFile": "",
          "file": "",
          "beforeHooks": [],
          "afterHooks": [],
          "tests": [
            {
              "title": "Usuário válido sob perfomance ",
              "fullTitle": "Página de login Saucedemo Usuário válido sob perfomance ",
              "timedOut": null,
              "duration": 6993,
              "state": "passed",
              "speed": "medium",
              "pass": true,
              "fail": false,
              "pending": false,
              "context": null,
              "code": "cy.get('[data-test=\"username\"]').type(\"performance_glitch_user\");\ncy.get('[data-test=\"password\"]').type(\"secret_sauce\");\ncy.get('[data-test=\"login-button\"]').click();",
              "err": {},
              "uuid": "26e3a35e-bd8d-4b37-9a17-3d9daa9470b2",
              "parentUUID": "3c4d06a0-526f-4490-a2c5-d882a2109a5d",
              "isHook": false,
              "skipped": false
            }
          ],
          "suites": [],
          "passes": [
            "26e3a35e-bd8d-4b37-9a17-3d9daa9470b2"
          ],
          "failures": [],
          "pending": [],
          "skipped": [],
          "duration": 6993,
          "root": false,
          "rootEmpty": false,
          "_timeout": 2000
        }
      ],
      "passes": [],
      "failures": [],
      "pending": [],
      "skipped": [],
      "duration": 0,
      "root": true,
      "rootEmpty": true,
      "_timeout": 2000
    }
  ],
  "meta": {
    "mocha": {
      "version": "7.2.0"
    },
    "mochawesome": {
      "options": {
        "quiet": false,
        "reportFilename": "mochawesome",
        "saveHtml": true,
        "saveJson": true,
        "consoleReporter": "spec",
        "useInlineDiffs": false,
        "code": true
      },
      "version": "7.1.4"
    },
    "marge": {
      "options": {
        "reportDir": "cypress/results",
        "overwrite": false,
        "html": true,
        "json": true,
        "timestamp": "mmddyyyy_HHMMss"
      },
      "version": "6.3.2"
    }
  }
}