{
  "stats": {
    "suites": 1,
    "tests": 1,
    "passes": 1,
    "pending": 0,
    "failures": 0,
    "start": "2026-04-26T04:00:55.464Z",
    "end": "2026-04-26T04:01:02.255Z",
    "duration": 6791,
    "testsRegistered": 1,
    "passPercent": 100,
    "pendingPercent": 0,
    "other": 0,
    "hasOther": false,
    "skipped": 0,
    "hasSkipped": false
  },
  "results": [
    {
      "uuid": "876fa0bd-4e7e-42bd-8994-b9ec55b8c4b7",
      "title": "",
      "fullFile": "cypress\\e2e\\_login\\ct06_sob_perfomance.cy.js",
      "file": "cypress\\e2e\\_login\\ct06_sob_perfomance.cy.js",
      "beforeHooks": [],
      "afterHooks": [],
      "tests": [],
      "suites": [
        {
          "uuid": "ce31a26e-2fae-4fa2-b512-be021f1dcccd",
          "title": "Página de login Saucedemo",
          "fullFile": "",
          "file": "",
          "beforeHooks": [],
          "afterHooks": [],
          "tests": [
            {
              "title": "Usuário válido sob perfomance ",
              "fullTitle": "Página de login Saucedemo Usuário válido sob perfomance ",
              "timedOut": null,
              "duration": 6684,
              "state": "passed",
              "speed": "medium",
              "pass": true,
              "fail": false,
              "pending": false,
              "context": null,
              "code": "cy.get('[data-test=\"username\"]').type(\"performance_glitch_user\");\ncy.get('[data-test=\"password\"]').type(\"secret_sauce\");\ncy.get('[data-test=\"login-button\"]').click();\ncy.get('[data-test=\"login-button\"]', {\n  timeout: 3000\n}).should('not.exist');",
              "err": {},
              "uuid": "f0dd802f-4a74-445f-95ab-dd2c43d179ba",
              "parentUUID": "ce31a26e-2fae-4fa2-b512-be021f1dcccd",
              "isHook": false,
              "skipped": false
            }
          ],
          "suites": [],
          "passes": [
            "f0dd802f-4a74-445f-95ab-dd2c43d179ba"
          ],
          "failures": [],
          "pending": [],
          "skipped": [],
          "duration": 6684,
          "root": false,
          "rootEmpty": false,
          "_timeout": 2000
        }
      ],
      "passes": [],
      "failures": [],
      "pending": [],
      "skipped": [],
      "duration": 0,
      "root": true,
      "rootEmpty": true,
      "_timeout": 2000
    }
  ],
  "meta": {
    "mocha": {
      "version": "7.2.0"
    },
    "mochawesome": {
      "options": {
        "quiet": false,
        "reportFilename": "mochawesome",
        "saveHtml": true,
        "saveJson": true,
        "consoleReporter": "spec",
        "useInlineDiffs": false,
        "code": true
      },
      "version": "7.1.4"
    },
    "marge": {
      "options": {
        "reportDir": "cypress/results",
        "overwrite": false,
        "html": true,
        "json": true,
        "timestamp": "mmddyyyy_HHMMss"
      },
      "version": "6.3.2"
    }
  }
}