{
  "stats": {
    "suites": 1,
    "tests": 1,
    "passes": 1,
    "pending": 0,
    "failures": 0,
    "start": "2026-04-26T03:51:48.544Z",
    "end": "2026-04-26T03:51:50.675Z",
    "duration": 2131,
    "testsRegistered": 1,
    "passPercent": 100,
    "pendingPercent": 0,
    "other": 0,
    "hasOther": false,
    "skipped": 0,
    "hasSkipped": false
  },
  "results": [
    {
      "uuid": "cb89d9b7-cb72-419c-97b7-734b211e9888",
      "title": "",
      "fullFile": "cypress\\e2e\\_login\\ct03_senha_invalida.cy.js",
      "file": "cypress\\e2e\\_login\\ct03_senha_invalida.cy.js",
      "beforeHooks": [],
      "afterHooks": [],
      "tests": [],
      "suites": [
        {
          "uuid": "d7e82941-7555-438c-8465-3390b23147e3",
          "title": "Página de login Saucedemo",
          "fullFile": "",
          "file": "",
          "beforeHooks": [],
          "afterHooks": [],
          "tests": [
            {
              "title": "senha inválida - não deve entrar no sistema",
              "fullTitle": "Página de login Saucedemo senha inválida - não deve entrar no sistema",
              "timedOut": null,
              "duration": 2025,
              "state": "passed",
              "speed": "fast",
              "pass": true,
              "fail": false,
              "pending": false,
              "context": null,
              "code": "cy.get('[data-test=\"username\"]').type(\"locked_out_user\");\ncy.get('[data-test=\"password\"]').type(\"error\");\ncy.get('[data-test=\"login-button\"]').click();",
              "err": {},
              "uuid": "5e84c88b-c5ee-4136-a0f8-22bad0815e1e",
              "parentUUID": "d7e82941-7555-438c-8465-3390b23147e3",
              "isHook": false,
              "skipped": false
            }
          ],
          "suites": [],
          "passes": [
            "5e84c88b-c5ee-4136-a0f8-22bad0815e1e"
          ],
          "failures": [],
          "pending": [],
          "skipped": [],
          "duration": 2025,
          "root": false,
          "rootEmpty": false,
          "_timeout": 2000
        }
      ],
      "passes": [],
      "failures": [],
      "pending": [],
      "skipped": [],
      "duration": 0,
      "root": true,
      "rootEmpty": true,
      "_timeout": 2000
    }
  ],
  "meta": {
    "mocha": {
      "version": "7.2.0"
    },
    "mochawesome": {
      "options": {
        "quiet": false,
        "reportFilename": "mochawesome",
        "saveHtml": true,
        "saveJson": true,
        "consoleReporter": "spec",
        "useInlineDiffs": false,
        "code": true
      },
      "version": "7.1.4"
    },
    "marge": {
      "options": {
        "reportDir": "cypress/results",
        "overwrite": false,
        "html": true,
        "json": true,
        "timestamp": "mmddyyyy_HHMMss"
      },
      "version": "6.3.2"
    }
  }
}