{
  "stats": {
    "suites": 1,
    "tests": 1,
    "passes": 0,
    "pending": 0,
    "failures": 1,
    "start": "2026-04-26T01:33:34.656Z",
    "end": "2026-04-26T01:33:40.145Z",
    "duration": 5489,
    "testsRegistered": 1,
    "passPercent": 0,
    "pendingPercent": 0,
    "other": 0,
    "hasOther": false,
    "skipped": 0,
    "hasSkipped": false
  },
  "results": [
    {
      "uuid": "98afaf50-eadc-4ef7-a259-ceddbe6d71b4",
      "title": "",
      "fullFile": "cypress\\e2e\\01_cenario_login\\ct05.cy.js",
      "file": "cypress\\e2e\\01_cenario_login\\ct05.cy.js",
      "beforeHooks": [],
      "afterHooks": [],
      "tests": [],
      "suites": [
        {
          "uuid": "28e84382-e279-4ef6-93db-d284b3b51bcc",
          "title": "Página de login Saucedemo",
          "fullFile": "",
          "file": "",
          "beforeHooks": [],
          "afterHooks": [],
          "tests": [
            {
              "title": "Usuário Fake - sem cadastrado no sistema",
              "fullTitle": "Página de login Saucedemo Usuário Fake - sem cadastrado no sistema",
              "timedOut": null,
              "duration": 5418,
              "state": "failed",
              "speed": null,
              "pass": false,
              "fail": true,
              "pending": false,
              "context": null,
              "code": "cy.get('[data-test=\"username\"]').type(\"paulo\");\ncy.get('[data-test=\"password\"]').type(\"1234\");\ncy.get('[data-test=\"login-button\"]').click();\n// capturando o elemento, verificando se tem a mensagem e se é vísivel.\ncy.contains('[data-test=\"error\"]', \"Usuário não existe, insira um válido\").should('be.visible');",
              "err": {
                "message": "AssertionError: Timed out retrying after 4000ms: Expected to find content: 'Usuário não existe, insira um válido' within the selector: '[data-test=\"error\"]' but never did.",
                "estack": "AssertionError: Timed out retrying after 4000ms: Expected to find content: 'Usuário não existe, insira um válido' within the selector: '[data-test=\"error\"]' but never did.\n    at Context.eval (webpack://qa_interface_e2e/./cypress/e2e/01_cenario_login/ct05.cy.js:15:7)",
                "diff": null
              },
              "uuid": "8a64b64f-d716-4ca5-ba81-0b7ea7ccf831",
              "parentUUID": "28e84382-e279-4ef6-93db-d284b3b51bcc",
              "isHook": false,
              "skipped": false
            }
          ],
          "suites": [],
          "passes": [],
          "failures": [
            "8a64b64f-d716-4ca5-ba81-0b7ea7ccf831"
          ],
          "pending": [],
          "skipped": [],
          "duration": 5418,
          "root": false,
          "rootEmpty": false,
          "_timeout": 2000
        }
      ],
      "passes": [],
      "failures": [],
      "pending": [],
      "skipped": [],
      "duration": 0,
      "root": true,
      "rootEmpty": true,
      "_timeout": 2000
    }
  ],
  "meta": {
    "mocha": {
      "version": "7.2.0"
    },
    "mochawesome": {
      "options": {
        "quiet": false,
        "reportFilename": "mochawesome",
        "saveHtml": true,
        "saveJson": true,
        "consoleReporter": "spec",
        "useInlineDiffs": false,
        "code": true
      },
      "version": "7.1.4"
    },
    "marge": {
      "options": {
        "reportDir": "cypress/results",
        "overwrite": false,
        "html": true,
        "json": true,
        "timestamp": "mmddyyyy_HHMMss"
      },
      "version": "6.3.2"
    }
  }
}